<?xml version="1.0" encoding="UTF-8"?>
<!-- Generated by org.testng.reporters.JUnitXMLReporter -->
<testsuite ignored="2" hostname="Apples-MacBook-Air.local" failures="0" tests="1" name="Default test" time="18.094" errors="0" timestamp="2024-01-03T07:12:42 IST">
  <testcase classname="com.sevenrmartsupermarket.tests.ManageLocationTest" name="navigateTo_ManageLocation" time="5.421"/>
  <testcase classname="com.sevenrmartsupermarket.tests.ManageLocationTest" name="add_Locations" time="0.0">
    <ignored/>
  </testcase> <!-- add_Locations -->
  <testcase classname="com.sevenrmartsupermarket.tests.ManageLocationTest" name="verify_Editing_In_locations" time="0.0">
    <ignored/>
  </testcase> <!-- verify_Editing_In_locations -->
</testsuite> <!-- Default test -->
