<?xml version="1.0" encoding="UTF-8"?>
<!-- Generated by org.testng.reporters.JUnitXMLReporter -->
<testsuite ignored="1" hostname="Apples-MacBook-Air.local" failures="0" tests="1" name="SmokeRun" time="14.763" errors="0" timestamp="2023-12-29T09:30:31 IST">
  <testcase classname="com.sevenrmartsupermarket.tests.LoginTest" name="verify_login" time="4.29"/>
  <testcase classname="com.sevenrmartsupermarket.tests.LoginTest" name="verify_invalid_login_errormessage" time="0.0">
    <ignored/>
  </testcase> <!-- verify_invalid_login_errormessage -->
</testsuite> <!-- SmokeRun -->
