<?xml version="1.0" encoding="UTF-8"?>
<!-- Generated by org.testng.reporters.JUnitXMLReporter -->
<testsuite ignored="0" hostname="Apples-MacBook-Air.local" failures="0" tests="2" name="FirstTest" time="29.448" errors="0" timestamp="2024-01-01T07:56:55 IST">
  <testcase classname="com.sevenrmartsupermarket.tests.LoginTest" name="verify_invalid_login_errormessage" time="3.748"/>
  <testcase classname="com.sevenrmartsupermarket.tests.LoginTest" name="verify_login" time="3.88"/>
</testsuite> <!-- FirstTest -->
