<?xml version="1.0" encoding="UTF-8"?>
<!-- Generated by org.testng.reporters.JUnitXMLReporter -->
<testsuite ignored="0" hostname="Apples-MacBook-Air.local" failures="0" tests="3" name="SevenRMartSuperMarketTest" time="34.73" errors="0" timestamp="2023-12-29T08:15:17 IST">
  <testcase classname="com.sevenrmartsupermarket.tests.LoginTest" name="verify_invalid_login_errormessage" time="2.085"/>
  <testcase classname="com.sevenrmartsupermarket.tests.LoginTest" name="verify_login" time="4.219"/>
  <testcase classname="com.sevenrmartsupermarket.tests.HomeTest" name="verify_ProfileName" time="3.949"/>
</testsuite> <!-- SevenRMartSuperMarketTest -->
