<?xml version="1.0" encoding="UTF-8"?>
<testng-results ignored="0" total="3" passed="3" failed="0" skipped="0">
  <reporter-output>
  </reporter-output>
  <suite started-at="2024-01-01T07:56:25 IST" name="SmokeRun" finished-at="2024-01-01T07:56:55 IST" duration-ms="29448">
    <groups>
    </groups>
    <test started-at="2024-01-01T07:56:25 IST" name="SecondTest" finished-at="2024-01-01T07:56:46 IST" duration-ms="20459">
      <class name="com.sevenrmartsupermarket.tests.HomeTest">
        <test-method is-config="true" signature="launch_Browser()[pri:0, instance:com.sevenrmartsupermarket.tests.HomeTest@1807e3f6]" started-at="2024-01-01T07:56:26 IST" name="launch_Browser" finished-at="2024-01-01T07:56:40 IST" duration-ms="14455" status="PASS">
          <reporter-output>
          </reporter-output>
        </test-method> <!-- launch_Browser -->
        <test-method signature="verify_ProfileName()[pri:0, instance:com.sevenrmartsupermarket.tests.HomeTest@1807e3f6]" started-at="2024-01-01T07:56:40 IST" name="verify_ProfileName" finished-at="2024-01-01T07:56:46 IST" duration-ms="5900" status="PASS">
          <reporter-output>
          </reporter-output>
        </test-method> <!-- verify_ProfileName -->
        <test-method is-config="true" signature="terminate_Sesssion(org.testng.ITestResult)[pri:0, instance:com.sevenrmartsupermarket.tests.HomeTest@1807e3f6]" started-at="2024-01-01T07:56:46 IST" name="terminate_Sesssion" finished-at="2024-01-01T07:56:46 IST" duration-ms="0" status="PASS">
          <params>
            <param index="0">
              <value>
                <![CDATA[[TestResult name=verify_ProfileName status=SUCCESS method=HomeTest.verify_ProfileName()[pri:0, instance:com.sevenrmartsupermarket.tests.HomeTest@1807e3f6] output={null}]]]>
              </value>
            </param>
          </params>
          <reporter-output>
          </reporter-output>
        </test-method> <!-- terminate_Sesssion -->
      </class> <!-- com.sevenrmartsupermarket.tests.HomeTest -->
    </test> <!-- SecondTest -->
    <test started-at="2024-01-01T07:56:25 IST" name="FirstTest" finished-at="2024-01-01T07:56:55 IST" duration-ms="29448">
      <class name="com.sevenrmartsupermarket.tests.LoginTest">
        <test-method is-config="true" signature="launch_Browser()[pri:0, instance:com.sevenrmartsupermarket.tests.LoginTest@5e2c3d18]" started-at="2024-01-01T07:56:26 IST" name="launch_Browser" finished-at="2024-01-01T07:56:40 IST" duration-ms="14426" status="PASS">
          <reporter-output>
          </reporter-output>
        </test-method> <!-- launch_Browser -->
        <test-method signature="verify_invalid_login_errormessage()[pri:0, instance:com.sevenrmartsupermarket.tests.LoginTest@5e2c3d18]" started-at="2024-01-01T07:56:40 IST" name="verify_invalid_login_errormessage" finished-at="2024-01-01T07:56:44 IST" duration-ms="3748" status="PASS">
          <reporter-output>
          </reporter-output>
        </test-method> <!-- verify_invalid_login_errormessage -->
        <test-method is-config="true" signature="terminate_Sesssion(org.testng.ITestResult)[pri:0, instance:com.sevenrmartsupermarket.tests.LoginTest@5e2c3d18]" started-at="2024-01-01T07:56:44 IST" name="terminate_Sesssion" finished-at="2024-01-01T07:56:44 IST" duration-ms="13" status="PASS">
          <params>
            <param index="0">
              <value>
                <![CDATA[[TestResult name=verify_invalid_login_errormessage status=SUCCESS method=LoginTest.verify_invalid_login_errormessage()[pri:0, instance:com.sevenrmartsupermarket.tests.LoginTest@5e2c3d18] output={null}]]]>
              </value>
            </param>
          </params>
          <reporter-output>
          </reporter-output>
        </test-method> <!-- terminate_Sesssion -->
        <test-method is-config="true" signature="launch_Browser()[pri:0, instance:com.sevenrmartsupermarket.tests.LoginTest@5e2c3d18]" started-at="2024-01-01T07:56:44 IST" name="launch_Browser" finished-at="2024-01-01T07:56:51 IST" duration-ms="7261" status="PASS">
          <reporter-output>
          </reporter-output>
        </test-method> <!-- launch_Browser -->
        <test-method signature="verify_login()[pri:0, instance:com.sevenrmartsupermarket.tests.LoginTest@5e2c3d18]" started-at="2024-01-01T07:56:51 IST" name="verify_login" finished-at="2024-01-01T07:56:55 IST" duration-ms="3880" status="PASS">
          <reporter-output>
          </reporter-output>
        </test-method> <!-- verify_login -->
        <test-method is-config="true" signature="terminate_Sesssion(org.testng.ITestResult)[pri:0, instance:com.sevenrmartsupermarket.tests.LoginTest@5e2c3d18]" started-at="2024-01-01T07:56:55 IST" name="terminate_Sesssion" finished-at="2024-01-01T07:56:55 IST" duration-ms="1" status="PASS">
          <params>
            <param index="0">
              <value>
                <![CDATA[[TestResult name=verify_login status=SUCCESS method=LoginTest.verify_login()[pri:0, instance:com.sevenrmartsupermarket.tests.LoginTest@5e2c3d18] output={null}]]]>
              </value>
            </param>
          </params>
          <reporter-output>
          </reporter-output>
        </test-method> <!-- terminate_Sesssion -->
      </class> <!-- com.sevenrmartsupermarket.tests.LoginTest -->
    </test> <!-- FirstTest -->
  </suite> <!-- SmokeRun -->
</testng-results>
